<?xml version="1.0" encoding="UTF-8"?>
<!-- Generated by org.testng.reporters.JUnitReportReporter -->
<testsuite hostname="Inspiron" name="TestCases.NewTest1" tests="1" failures="0" timestamp="27 Feb 2020 07:34:29 GMT" time="0.038" errors="0">
  <testcase name="method1" time="0.038" classname="TestCases.NewTest1"/>
</testsuite> <!-- TestCases.NewTest1 -->
